Performing C SOURCE FILE Test CMAKE_HAVE_LIBC_PTHREAD failed with the following output:
Change Dir: /home/fuzzy/DevSSD/Example/build/CMakeFiles/CMakeTmp

Run Build Command(s):/usr/bin/ninja cmTC_04739 && [1/2] Building C object CMakeFiles/cmTC_04739.dir/src.c.o
[2/2] Linking C executable cmTC_04739
FAILED: cmTC_04739 
: && /bin/clang-11  -rdynamic CMakeFiles/cmTC_04739.dir/src.c.o -o cmTC_04739   && :
/bin/ld: CMakeFiles/cmTC_04739.dir/src.c.o: in function `main':
src.c:(.text+0x22): undefined reference to `pthread_create'
/bin/ld: src.c:(.text+0x2e): undefined reference to `pthread_detach'
/bin/ld: src.c:(.text+0x3a): undefined reference to `pthread_cancel'
/bin/ld: src.c:(.text+0x4c): undefined reference to `pthread_join'
clang-11: error: linker command failed with exit code 1 (use -v to see invocation)
ninja: build stopped: subcommand failed.


Source file was:
#include <pthread.h>

static void* test_func(void* data)
{
  return data;
}

int main(void)
{
  pthread_t thread;
  pthread_create(&thread, NULL, test_func, NULL);
  pthread_detach(thread);
  pthread_cancel(thread);
  pthread_join(thread, NULL);
  pthread_atfork(NULL, NULL, NULL);
  pthread_exit(NULL);

  return 0;
}

Determining if the function pthread_create exists in the pthreads failed with the following output:
Change Dir: /home/fuzzy/DevSSD/Example/build/CMakeFiles/CMakeTmp

Run Build Command(s):/usr/bin/ninja cmTC_dd023 && [1/2] Building C object CMakeFiles/cmTC_dd023.dir/CheckFunctionExists.c.o
[2/2] Linking C executable cmTC_dd023
FAILED: cmTC_dd023 
: && /bin/clang-11 -DCHECK_FUNCTION_EXISTS=pthread_create -rdynamic CMakeFiles/cmTC_dd023.dir/CheckFunctionExists.c.o -o cmTC_dd023  -lpthreads && :
/bin/ld: cannot find -lpthreads
clang-11: error: linker command failed with exit code 1 (use -v to see invocation)
ninja: build stopped: subcommand failed.



